<<<<<<< HEAD
2025-08-10 05:27:51  WM_QUERYENDSESSION (lParam: 0 - ordinary system shutdown/restart) =====================================
2025-08-10 05:27:51  WM_ENDSESSION (wParam: TRUE, lParam: 0 - ordinary system shutdown/restart)
2025-08-10 05:27:51  D:\home\wxss\GitProject\TempFiles\SettingTemp\Notepad++\config.xml is opened.
2025-08-10 05:27:51  D:\home\wxss\GitProject\TempFiles\SettingTemp\Notepad++\config.xml  10380/10380 bytes are written.
2025-08-10 05:27:51  D:\home\wxss\GitProject\TempFiles\SettingTemp\Notepad++\config.xml is closed.
2025-08-10 05:27:51  C:\Users\Wxss\AppData\Roaming\Notepad++\session.xml is opened.
2025-08-10 05:27:51  C:\Users\Wxss\AppData\Roaming\Notepad++\session.xml  1536/1536 bytes are written.
2025-08-10 05:27:51  C:\Users\Wxss\AppData\Roaming\Notepad++\session.xml is closed.
=======

>>>>>>> 899c7d237262c80358848360cab29918c3bcdd0a
2025-08-22 15:16:33  WM_QUERYENDSESSION (lParam: 2147483649 - ENDSESSION_CLOSEAPP - ENDSESSION_LOGOFF) =====================================
2025-08-22 15:16:33  WM_ENDSESSION (wParam: TRUE, lParam: 2147483649 - ENDSESSION_CLOSEAPP - ENDSESSION_LOGOFF)
2025-08-22 15:16:33  D:\home\wxss\GitProjects\TempFiles\SettingTemp\Notepad++\config.xml is opened.
2025-08-22 15:16:33  D:\home\wxss\GitProjects\TempFiles\SettingTemp\Notepad++\config.xml  11268/11268 bytes are written.
2025-08-22 15:16:33  D:\home\wxss\GitProjects\TempFiles\SettingTemp\Notepad++\config.xml is closed.
2025-08-22 15:16:33  C:\Users\Wxss\AppData\Roaming\Notepad++\session.xml is opened.
2025-08-22 15:16:33  C:\Users\Wxss\AppData\Roaming\Notepad++\session.xml  3300/3300 bytes are written.
2025-08-22 15:16:33  C:\Users\Wxss\AppData\Roaming\Notepad++\session.xml is closed.
2025-08-22 15:16:33  WM_DESTROY (isEndSessionStarted == true)
2025-09-24 01:29:10  WM_QUERYENDSESSION (lParam: 1073741825 - ENDSESSION_CLOSEAPP - ENDSESSION_CRITICAL) =====================================
2025-09-24 01:29:10  WM_ENDSESSION (wParam: TRUE, lParam: 1073741825 - ENDSESSION_CLOSEAPP - ENDSESSION_CRITICAL)
2025-09-24 01:29:10  D:\home\wxss\GitProjects\TempFiles\SettingTemp\Notepad++\config.xml is opened.
2025-09-24 01:29:10  D:\home\wxss\GitProjects\TempFiles\SettingTemp\Notepad++\config.xml  11168/11168 bytes are written.
2025-09-24 01:29:10  D:\home\wxss\GitProjects\TempFiles\SettingTemp\Notepad++\config.xml is closed.
2025-09-24 01:29:10  C:\Users\Wxss\AppData\Roaming\Notepad++\session.xml is opened.
2025-09-24 01:29:10  C:\Users\Wxss\AppData\Roaming\Notepad++\session.xml  1677/1677 bytes are written.
2025-09-24 01:29:10  C:\Users\Wxss\AppData\Roaming\Notepad++\session.xml is closed.
2025-09-24 01:29:10  WM_DESTROY (isEndSessionStarted == true)
2025-10-21 02:29:26  WM_QUERYENDSESSION (lParam: 1073741825 - ENDSESSION_CLOSEAPP - ENDSESSION_CRITICAL) =====================================
2025-10-21 02:29:26  WM_ENDSESSION (wParam: TRUE, lParam: 1073741825 - ENDSESSION_CLOSEAPP - ENDSESSION_CRITICAL)
2025-10-21 02:29:26  D:\home\wxss\GitProjects\TempFiles\SettingTemp\Notepad++\config.xml is opened.
2025-10-21 02:29:26  D:\home\wxss\GitProjects\TempFiles\SettingTemp\Notepad++\config.xml  11136/11136 bytes are written.
2025-10-21 02:29:26  D:\home\wxss\GitProjects\TempFiles\SettingTemp\Notepad++\config.xml is closed.
2025-10-21 02:29:26  C:\Users\Wxss\AppData\Roaming\Notepad++\session.xml is opened.
2025-10-21 02:29:26  C:\Users\Wxss\AppData\Roaming\Notepad++\session.xml  2844/2844 bytes are written.
2025-10-21 02:29:26  C:\Users\Wxss\AppData\Roaming\Notepad++\session.xml is closed.
2025-10-21 02:29:26  WM_DESTROY (isEndSessionStarted == true)
2025-10-24 02:30:06  WM_QUERYENDSESSION (lParam: 1073741825 - ENDSESSION_CLOSEAPP - ENDSESSION_CRITICAL) =====================================
2025-10-24 02:30:06  WM_ENDSESSION (wParam: TRUE, lParam: 1073741825 - ENDSESSION_CLOSEAPP - ENDSESSION_CRITICAL)
2025-10-24 02:30:06  D:\home\wxss\GitProjects\TempFiles\SettingTemp\Notepad++\config.xml is opened.
2025-10-24 02:30:06  D:\home\wxss\GitProjects\TempFiles\SettingTemp\Notepad++\config.xml  11136/11136 bytes are written.
2025-10-24 02:30:06  D:\home\wxss\GitProjects\TempFiles\SettingTemp\Notepad++\config.xml is closed.
2025-10-24 02:30:06  C:\Users\Wxss\AppData\Roaming\Notepad++\session.xml is opened.
2025-10-24 02:30:06  C:\Users\Wxss\AppData\Roaming\Notepad++\session.xml  3493/3493 bytes are written.
2025-10-24 02:30:06  C:\Users\Wxss\AppData\Roaming\Notepad++\session.xml is closed.
2025-10-24 02:30:06  WM_DESTROY (isEndSessionStarted == true)
2025-11-12 20:29:36  WM_QUERYENDSESSION (lParam: 1073741825 - ENDSESSION_CLOSEAPP - ENDSESSION_CRITICAL) =====================================
2025-11-12 20:29:36  WM_ENDSESSION (wParam: TRUE, lParam: 1073741825 - ENDSESSION_CLOSEAPP - ENDSESSION_CRITICAL)
2025-11-12 20:29:36  D:\home\wxss\GitProjects\TempFiles\SettingTemp\Notepad++\config.xml is opened.
2025-11-12 20:29:36  D:\home\wxss\GitProjects\TempFiles\SettingTemp\Notepad++\config.xml  11246/11246 bytes are written.
2025-11-12 20:29:36  D:\home\wxss\GitProjects\TempFiles\SettingTemp\Notepad++\config.xml is closed.
2025-11-12 20:29:36  C:\Users\Wxss\AppData\Roaming\Notepad++\session.xml is opened.
2025-11-12 20:29:36  C:\Users\Wxss\AppData\Roaming\Notepad++\session.xml  2794/2794 bytes are written.
2025-11-12 20:29:36  C:\Users\Wxss\AppData\Roaming\Notepad++\session.xml is closed.
2025-11-12 20:29:36  WM_DESTROY (isEndSessionStarted == true)
